<?xml version="1.0" encoding="UTF-8"?>
<testng-results ignored="0" total="2" passed="2" failed="0" skipped="0">
  <reporter-output>
  </reporter-output>
  <suite started-at="2024-05-15T06:37:57 IST" name="Suite" finished-at="2024-05-15T06:38:05 IST" duration-ms="8177">
    <groups>
    </groups>
    <test started-at="2024-05-15T06:37:57 IST" name="Test" finished-at="2024-05-15T06:38:05 IST" duration-ms="8177">
      <class name="com.qa.tests.HomePageTest">
        <test-method is-config="true" signature="setup()[pri:0, instance:com.qa.tests.HomePageTest@235834f2]" started-at="2024-05-15T06:37:57 IST" name="setup" finished-at="2024-05-15T06:38:03 IST" duration-ms="6034" status="PASS">
          <reporter-output>
          </reporter-output>
        </test-method> <!-- setup -->
        <test-method signature="test2()[pri:0, instance:com.qa.tests.HomePageTest@235834f2]" started-at="2024-05-15T06:38:03 IST" name="test2" finished-at="2024-05-15T06:38:05 IST" duration-ms="1634" status="PASS">
          <reporter-output>
          </reporter-output>
        </test-method> <!-- test2 -->
        <test-method is-config="true" signature="teardown()[pri:0, instance:com.qa.tests.HomePageTest@235834f2]" started-at="2024-05-15T06:38:05 IST" name="teardown" finished-at="2024-05-15T06:38:05 IST" duration-ms="428" status="PASS">
          <reporter-output>
          </reporter-output>
        </test-method> <!-- teardown -->
      </class> <!-- com.qa.tests.HomePageTest -->
      <class name="com.qa.tests.LoginPageTest">
        <test-method is-config="true" signature="setup()[pri:0, instance:com.qa.tests.LoginPageTest@59662a0b]" started-at="2024-05-15T06:37:57 IST" name="setup" finished-at="2024-05-15T06:38:03 IST" duration-ms="5799" status="PASS">
          <reporter-output>
          </reporter-output>
        </test-method> <!-- setup -->
        <test-method signature="test1()[pri:0, instance:com.qa.tests.LoginPageTest@59662a0b]" started-at="2024-05-15T06:38:03 IST" name="test1" finished-at="2024-05-15T06:38:05 IST" duration-ms="2082" status="PASS">
          <reporter-output>
          </reporter-output>
        </test-method> <!-- test1 -->
        <test-method is-config="true" signature="teardown()[pri:0, instance:com.qa.tests.LoginPageTest@59662a0b]" started-at="2024-05-15T06:38:05 IST" name="teardown" finished-at="2024-05-15T06:38:05 IST" duration-ms="231" status="PASS">
          <reporter-output>
          </reporter-output>
        </test-method> <!-- teardown -->
      </class> <!-- com.qa.tests.LoginPageTest -->
    </test> <!-- Test -->
  </suite> <!-- Suite -->
</testng-results>
